<?xml version="1.0" encoding="utf-8"?><testsuites name="pytest tests"><testsuite name="pytest" errors="0" failures="0" skipped="0" tests="7" time="11.334" timestamp="2026-05-11T12:47:46.562715+00:00" hostname="agent-env-63e6e263-6afe-498e-8ee1-4196e56ad900"><testcase classname="backend.tests.test_analytics_and_expected_dates.TestAnalyticsCore" name="test_capex_requests_list" time="0.573" /><testcase classname="backend.tests.test_analytics_and_expected_dates.TestAnalyticsCore" name="test_analytics_dashboard" time="0.114" /><testcase classname="backend.tests.test_analytics_and_expected_dates.TestAIInsights" name="test_ai_insights_endpoint" time="8.683" /><testcase classname="backend.tests.test_analytics_and_expected_dates.TestExpectedDateFields" name="test_patch_accepts_expected_delivery" time="0.752" /><testcase classname="backend.tests.test_analytics_and_expected_dates.TestExpectedDateFields" name="test_patch_accepts_expected_installation" time="0.412" /><testcase classname="backend.tests.test_analytics_and_expected_dates.TestExpectedDateFields" name="test_patch_accepts_expected_commissioning" time="0.400" /><testcase classname="backend.tests.test_analytics_and_expected_dates.TestExpectedDateFields" name="test_patch_combined_expected_dates" time="0.340" /></testsuite></testsuites>