<?xml version="1.0" encoding="utf-8"?><testsuites name="pytest tests"><testsuite name="pytest" errors="0" failures="0" skipped="0" tests="35" time="5.662" timestamp="2026-03-02T10:29:56.826959+00:00" hostname="agent-env-af344026-8bcc-4664-9fb0-5a52e846d241"><testcase classname="backend.tests.test_capex_portal.TestHealthCheck" name="test_api_health" time="0.260" /><testcase classname="backend.tests.test_capex_portal.TestAuthentication" name="test_login_capex_head" time="0.311" /><testcase classname="backend.tests.test_capex_portal.TestAuthentication" name="test_login_user" time="0.298" /><testcase classname="backend.tests.test_capex_portal.TestAuthentication" name="test_login_buyer" time="0.272" /><testcase classname="backend.tests.test_capex_portal.TestAuthentication" name="test_login_department_head" time="0.273" /><testcase classname="backend.tests.test_capex_portal.TestAuthentication" name="test_login_invalid_credentials" time="0.058" /><testcase classname="backend.tests.test_capex_portal.TestAuthentication" name="test_get_current_user" time="0.358" /><testcase classname="backend.tests.test_capex_portal.TestDashboardAnalytics" name="test_dashboard_capex_head" time="0.050" /><testcase classname="backend.tests.test_capex_portal.TestDashboardAnalytics" name="test_dashboard_user_no_financial_data" time="0.332" /><testcase classname="backend.tests.test_capex_portal.TestDashboardAnalytics" name="test_dashboard_buyer" time="0.325" /><testcase classname="backend.tests.test_capex_portal.TestDashboardAnalytics" name="test_dashboard_department_head" time="0.351" /><testcase classname="backend.tests.test_capex_portal.TestCapexRequests" name="test_create_capex_request" time="0.061" /><testcase classname="backend.tests.test_capex_portal.TestCapexRequests" name="test_request_id_format" time="0.063" /><testcase classname="backend.tests.test_capex_portal.TestCapexRequests" name="test_get_capex_requests_list" time="0.059" /><testcase classname="backend.tests.test_capex_portal.TestCapexRequests" name="test_user_cannot_see_pricing" time="0.092" /><testcase classname="backend.tests.test_capex_portal.TestCapexRequests" name="test_buyer_can_see_pricing" time="0.053" /><testcase classname="backend.tests.test_capex_portal.TestRequestApproval" name="test_department_head_can_approve" time="0.103" /><testcase classname="backend.tests.test_capex_portal.TestRequestApproval" name="test_user_cannot_approve" time="0.054" /><testcase classname="backend.tests.test_capex_portal.TestSampleRequests" name="test_buyer_can_create_sample_request" time="0.147" /><testcase classname="backend.tests.test_capex_portal.TestSampleRequests" name="test_get_sample_requests" time="0.047" /><testcase classname="backend.tests.test_capex_portal.TestSampleRequests" name="test_user_cannot_create_sample_request" time="0.047" /><testcase classname="backend.tests.test_capex_portal.TestDAPWorkflow" name="test_buyer_can_create_dap" time="0.141" /><testcase classname="backend.tests.test_capex_portal.TestDAPWorkflow" name="test_dap_dual_approval" time="0.248" /><testcase classname="backend.tests.test_capex_portal.TestComments" name="test_add_comment" time="0.102" /><testcase classname="backend.tests.test_capex_portal.TestComments" name="test_get_comments" time="0.098" /><testcase classname="backend.tests.test_capex_portal.TestNotifications" name="test_get_notifications" time="0.048" /><testcase classname="backend.tests.test_capex_portal.TestNotifications" name="test_mark_notification_read" time="0.101" /><testcase classname="backend.tests.test_capex_portal.TestReferenceData" name="test_get_buyers" time="0.057" /><testcase classname="backend.tests.test_capex_portal.TestBuyerUpdateFields" name="test_buyer_can_update_cea_pr_po" time="0.153" /><testcase classname="backend.tests.test_capex_portal.TestCEAToggleFunctionality" name="test_create_request_with_new_cea" time="0.049" /><testcase classname="backend.tests.test_capex_portal.TestCEAToggleFunctionality" name="test_create_request_with_existing_cea" time="0.060" /><testcase classname="backend.tests.test_capex_portal.TestSequentialWorkflow" name="test_workflow_status_auto_calculation" time="0.313" /><testcase classname="backend.tests.test_capex_portal.TestSequentialWorkflow" name="test_pr_locked_when_cea_pending" time="0.047" /><testcase classname="backend.tests.test_capex_portal.TestBuyerWorkflow" name="test_cea_workflow_sequential" time="0.365" /><testcase classname="backend.tests.test_capex_portal.TestBuyerWorkflow" name="test_request_id_format_various_plants" time="0.153" /></testsuite></testsuites>