<?xml version="1.0" encoding="utf-8"?><testsuites name="pytest tests"><testsuite name="pytest" errors="0" failures="0" skipped="0" tests="15" time="3.686" timestamp="2026-04-02T11:59:53.092180+00:00" hostname="agent-env-63e6e263-6afe-498e-8ee1-4196e56ad900"><testcase classname="backend.tests.test_access_control.TestAdminAccessConfig" name="test_get_access_config_as_admin" time="0.590" /><testcase classname="backend.tests.test_access_control.TestAdminAccessConfig" name="test_get_access_config_as_buyer_returns_403" time="0.430" /><testcase classname="backend.tests.test_access_control.TestAdminAccessConfig" name="test_get_access_config_as_capex_head_returns_403" time="0.423" /><testcase classname="backend.tests.test_access_control.TestAdminAccessConfig" name="test_update_access_config_as_admin" time="0.314" /><testcase classname="backend.tests.test_access_control.TestAdminAccessConfig" name="test_update_access_config_as_buyer_returns_403" time="0.142" /><testcase classname="backend.tests.test_access_control.TestAdminAccessConfig" name="test_reset_access_config_as_admin" time="0.114" /><testcase classname="backend.tests.test_access_control.TestAdminAccessConfig" name="test_reset_access_config_as_buyer_returns_403" time="0.094" /><testcase classname="backend.tests.test_access_control.TestUserPermissions" name="test_get_permissions_as_admin" time="0.108" /><testcase classname="backend.tests.test_access_control.TestUserPermissions" name="test_get_permissions_as_buyer" time="0.097" /><testcase classname="backend.tests.test_access_control.TestUserPermissions" name="test_get_permissions_as_capex_head" time="0.099" /><testcase classname="backend.tests.test_access_control.TestUserPermissions" name="test_permissions_without_auth_returns_error" time="0.099" /><testcase classname="backend.tests.test_access_control.TestModuleStructure" name="test_dashboard_module_structure" time="0.117" /><testcase classname="backend.tests.test_access_control.TestModuleStructure" name="test_capex_request_module_structure" time="0.101" /><testcase classname="backend.tests.test_access_control.TestModuleStructure" name="test_analytics_module_structure" time="0.100" /><testcase classname="backend.tests.test_access_control.TestModuleStructure" name="test_module_toggle_disables_all_items" time="0.773" /></testsuite></testsuites>