<?xml version="1.0" encoding="utf-8"?><testsuites name="pytest tests"><testsuite name="pytest" errors="0" failures="0" skipped="0" tests="15" time="6.298" timestamp="2026-04-01T06:19:07.640616+00:00" hostname="agent-env-63e6e263-6afe-498e-8ee1-4196e56ad900"><testcase classname="tests.test_capex_portal_iteration25.TestAuthLogin" name="test_admin_login" time="0.506" /><testcase classname="tests.test_capex_portal_iteration25.TestAuthLogin" name="test_buyer_login" time="0.340" /><testcase classname="tests.test_capex_portal_iteration25.TestAuthLogin" name="test_capex_head_login" time="0.353" /><testcase classname="tests.test_capex_portal_iteration25.TestAuthLogin" name="test_dept_head_login" time="0.330" /><testcase classname="tests.test_capex_portal_iteration25.TestAuthLogin" name="test_user_login" time="0.373" /><testcase classname="tests.test_capex_portal_iteration25.TestAuthLogin" name="test_invalid_login" time="0.106" /><testcase classname="tests.test_capex_portal_iteration25.TestAdminAPIs" name="test_admin_stats" time="0.435" /><testcase classname="tests.test_capex_portal_iteration25.TestAdminAPIs" name="test_admin_plants" time="0.512" /><testcase classname="tests.test_capex_portal_iteration25.TestAdminAPIs" name="test_admin_departments" time="0.436" /><testcase classname="tests.test_capex_portal_iteration25.TestAdminAPIs" name="test_admin_users" time="0.427" /><testcase classname="tests.test_capex_portal_iteration25.TestAdminAPIs" name="test_non_admin_blocked" time="0.417" /><testcase classname="tests.test_capex_portal_iteration25.TestSamplePreparationAPI" name="test_get_sample_requests" time="0.471" /><testcase classname="tests.test_capex_portal_iteration25.TestSamplePreparationAPI" name="test_sample_preparation_endpoint_exists" time="0.551" /><testcase classname="tests.test_capex_portal_iteration25.TestSamplePreparationAPI" name="test_buyer_cannot_update_preparation" time="0.547" /><testcase classname="tests.test_capex_portal_iteration25.TestCapexRequests" name="test_get_capex_requests" time="0.431" /></testsuite></testsuites>