<?xml version="1.0" encoding="utf-8"?><testsuites name="pytest tests"><testsuite name="pytest" errors="0" failures="0" skipped="0" tests="11" time="2.078" timestamp="2026-03-30T12:07:16.381823+00:00" hostname="agent-env-63e6e263-6afe-498e-8ee1-4196e56ad900"><testcase classname="backend.tests.test_bulk_upload.TestBulkTemplateDownload" name="test_download_template_success" time="0.518" /><testcase classname="backend.tests.test_bulk_upload.TestBulkTemplateDownload" name="test_download_template_unauthorized" time="0.047" /><testcase classname="backend.tests.test_bulk_upload.TestBulkUploadCreate" name="test_bulk_create_single_request" time="0.128" /><testcase classname="backend.tests.test_bulk_upload.TestBulkUploadCreate" name="test_bulk_create_multiple_requests" time="0.138" /><testcase classname="backend.tests.test_bulk_upload.TestBulkUploadUpdate" name="test_bulk_update_existing_request" time="0.293" /><testcase classname="backend.tests.test_bulk_upload.TestBulkUploadValidation" name="test_missing_required_fields" time="0.087" /><testcase classname="backend.tests.test_bulk_upload.TestBulkUploadValidation" name="test_invalid_plant_value" time="0.101" /><testcase classname="backend.tests.test_bulk_upload.TestBulkUploadValidation" name="test_invalid_department_value" time="0.069" /><testcase classname="backend.tests.test_bulk_upload.TestBulkUploadFileValidation" name="test_reject_non_excel_file" time="0.045" /><testcase classname="backend.tests.test_bulk_upload.TestBulkUploadFileValidation" name="test_reject_pdf_file" time="0.046" /><testcase classname="backend.tests.test_bulk_upload.TestBulkUploadUpdateNotFound" name="test_update_nonexistent_request" time="0.328" /></testsuite></testsuites>