<?xml version="1.0" encoding="utf-8"?><testsuites name="pytest tests"><testsuite name="pytest" errors="0" failures="0" skipped="0" tests="7" time="4.676" timestamp="2026-04-08T09:57:24.760137+00:00" hostname="agent-env-63e6e263-6afe-498e-8ee1-4196e56ad900"><testcase classname="test_access_control_iter38.TestAccessControlConfig" name="test_get_access_config_returns_3_modules" time="0.588" /><testcase classname="test_access_control_iter38.TestBuyerPermissions" name="test_buyer_permissions_endpoint" time="0.436" /><testcase classname="test_access_control_iter38.TestPreviewModeAPI" name="test_preview_buyer_permissions" time="0.844" /><testcase classname="test_access_control_iter38.TestPreviewModeAPI" name="test_preview_capex_head_permissions" time="0.734" /><testcase classname="test_access_control_iter38.TestPreviewModeAPI" name="test_preview_requires_admin" time="0.763" /><testcase classname="test_access_control_iter38.TestAccessConfigUpdate" name="test_toggle_item_for_role" time="0.720" /><testcase classname="test_access_control_iter38.TestResetToDefaults" name="test_reset_restores_defaults" time="0.528" /></testsuite></testsuites>