<?xml version="1.0" encoding="utf-8"?><testsuites name="pytest tests"><testsuite name="pytest" errors="0" failures="1" skipped="0" tests="13" time="80.909" timestamp="2026-03-14T19:41:00.634565+00:00" hostname="agent-env-45c97016-e5b0-4612-a0c4-15722ec213c6"><testcase classname="backend.tests.test_ai_chat_assistant.TestAIChatEndpoint" name="test_ai_chat_endpoint_exists" time="0.242" /><testcase classname="backend.tests.test_ai_chat_assistant.TestAIChatEndpoint" name="test_ai_chat_as_user" time="14.028" /><testcase classname="backend.tests.test_ai_chat_assistant.TestAIChatEndpoint" name="test_ai_chat_as_buyer" time="5.754" /><testcase classname="backend.tests.test_ai_chat_assistant.TestAIChatEndpoint" name="test_ai_chat_as_capex_head" time="7.982" /><testcase classname="backend.tests.test_ai_chat_assistant.TestAIChatEndpoint" name="test_ai_chat_as_department_head" time="4.248" /><testcase classname="backend.tests.test_ai_chat_assistant.TestAIChatEndpoint" name="test_ai_chat_session_persistence" time="8.412" /><testcase classname="backend.tests.test_ai_chat_assistant.TestAIChatHistory" name="test_get_chat_history" time="0.441" /><testcase classname="backend.tests.test_ai_chat_assistant.TestAIChatHistory" name="test_clear_chat_history" time="6.352" /><testcase classname="backend.tests.test_ai_chat_assistant.TestAIChatHistory" name="test_clear_specific_session_history" time="6.018" /><testcase classname="backend.tests.test_ai_chat_assistant.TestAIChatRoleBasedAccess" name="test_user_cannot_see_other_users_data" time="9.843" /><testcase classname="backend.tests.test_ai_chat_assistant.TestAIChatRoleBasedAccess" name="test_buyer_sees_approved_requests" time="7.179" /><testcase classname="backend.tests.test_ai_chat_assistant.TestAIChatErrorHandling" name="test_empty_message_handling" time="4.984"><failure message="AssertionError: Unexpected status: 500&#10;assert 500 in [200, 422, 400]&#10; +  where 500 = &lt;Response [500]&gt;.status_code">backend/tests/test_ai_chat_assistant.py:292: in test_empty_message_handling
    assert response.status_code in [200, 422, 400], f"Unexpected status: {response.status_code}"
E   AssertionError: Unexpected status: 500
E   assert 500 in [200, 422, 400]
E    +  where 500 = &lt;Response [500]&gt;.status_code</failure></testcase><testcase classname="backend.tests.test_ai_chat_assistant.TestAIChatErrorHandling" name="test_invalid_session_id" time="5.334" /></testsuite></testsuites>