<?xml version="1.0" encoding="utf-8"?><testsuites name="pytest tests"><testsuite name="pytest" errors="0" failures="0" skipped="1" tests="20" time="11.426" timestamp="2026-03-15T14:03:53.686160+00:00" hostname="agent-env-c6fe83d9-a1a0-493d-a8f9-0efb4c277a94"><testcase classname="backend.tests.test_iteration12_features.TestLoginFunctionality" name="test_user_login" time="0.500" /><testcase classname="backend.tests.test_iteration12_features.TestLoginFunctionality" name="test_buyer_login" time="0.348" /><testcase classname="backend.tests.test_iteration12_features.TestLoginFunctionality" name="test_capex_head_login" time="0.322" /><testcase classname="backend.tests.test_iteration12_features.TestLoginFunctionality" name="test_department_head_login" time="0.332" /><testcase classname="backend.tests.test_iteration12_features.TestLoginFunctionality" name="test_invalid_login_rejected" time="0.182" /><testcase classname="backend.tests.test_iteration12_features.TestInvoiceSection" name="test_invoice_fields_structure" time="0.444" /><testcase classname="backend.tests.test_iteration12_features.TestInvoiceSection" name="test_buyer_can_add_invoice" time="0.632" /><testcase classname="backend.tests.test_iteration12_features.TestInvoiceSection" name="test_capex_head_can_add_invoice" time="0.625" /><testcase classname="backend.tests.test_iteration12_features.TestAssignBuyerOnDashboard" name="test_get_buyers_list" time="0.453" /><testcase classname="backend.tests.test_iteration12_features.TestAssignBuyerOnDashboard" name="test_capex_head_can_assign_buyer" time="0.751" /><testcase classname="backend.tests.test_iteration12_features.TestAssignBuyerOnDashboard" name="test_capex_head_can_reassign_buyer" time="0.662" /><testcase classname="backend.tests.test_iteration12_features.TestDAPWorkflow" name="test_dap_create_endpoint_exists" time="0.441" /><testcase classname="backend.tests.test_iteration12_features.TestDAPWorkflow" name="test_dap_creation_by_buyer" time="0.594" /><testcase classname="backend.tests.test_iteration12_features.TestDAPWorkflow" name="test_dap_approval_chain_structure" time="0.586" /><testcase classname="backend.tests.test_iteration12_features.TestDAPWorkflow" name="test_process_engineer_can_approve_dap" time="0.732"><skipped type="pytest.skip" message="Process Engineer login failed - may need password reset">/app/backend/tests/test_iteration12_features.py:435: Process Engineer login failed - may need password reset</skipped></testcase><testcase classname="backend.tests.test_iteration12_features.TestDAPWorkflow" name="test_department_head_can_approve_dap" time="0.902" /><testcase classname="backend.tests.test_iteration12_features.TestDAPWorkflow" name="test_user_can_approve_dap" time="0.889" /><testcase classname="backend.tests.test_iteration12_features.TestDAPWorkflow" name="test_dap_approval_order_enforced" time="1.059" /><testcase classname="backend.tests.test_iteration12_features.TestReferenceEndpoints" name="test_dap_statuses_endpoint" time="0.432" /><testcase classname="backend.tests.test_iteration12_features.TestReferenceEndpoints" name="test_dap_change_types_endpoint" time="0.455" /></testsuite></testsuites>