<?xml version="1.0" encoding="utf-8"?><testsuites name="pytest tests"><testsuite name="pytest" errors="0" failures="0" skipped="0" tests="14" time="7.766" timestamp="2026-04-01T07:04:20.433379+00:00" hostname="agent-env-63e6e263-6afe-498e-8ee1-4196e56ad900"><testcase classname="backend.tests.test_capex_portal_iteration27.TestAuthLogin" name="test_admin_login" time="0.502" /><testcase classname="backend.tests.test_capex_portal_iteration27.TestAuthLogin" name="test_buyer_login" time="0.395" /><testcase classname="backend.tests.test_capex_portal_iteration27.TestAuthLogin" name="test_user_login" time="0.325" /><testcase classname="backend.tests.test_capex_portal_iteration27.TestAdminDepartmentHeadsAPI" name="test_get_department_heads" time="0.446" /><testcase classname="backend.tests.test_capex_portal_iteration27.TestAdminDepartmentHeadsAPI" name="test_department_heads_requires_admin" time="0.471" /><testcase classname="backend.tests.test_capex_portal_iteration27.TestAdminUserCreationValidation" name="test_create_user_with_role_user_no_plant_fails" time="0.456" /><testcase classname="backend.tests.test_capex_portal_iteration27.TestAdminUserCreationValidation" name="test_create_user_with_role_user_no_department_fails" time="0.425" /><testcase classname="backend.tests.test_capex_portal_iteration27.TestAdminUserCreationValidation" name="test_create_user_with_role_user_no_mapped_dh_fails" time="0.426" /><testcase classname="backend.tests.test_capex_portal_iteration27.TestAdminUserCreationValidation" name="test_create_dh_with_no_plant_fails" time="0.431" /><testcase classname="backend.tests.test_capex_portal_iteration27.TestAdminUserCreationValidation" name="test_create_buyer_without_plant_succeeds" time="0.909" /><testcase classname="backend.tests.test_capex_portal_iteration27.TestAdminUserCreationValidation" name="test_duplicate_employee_id_fails" time="1.054" /><testcase classname="backend.tests.test_capex_portal_iteration27.TestAdminUserCreationValidation" name="test_create_user_with_all_valid_fields_succeeds" time="0.998" /><testcase classname="backend.tests.test_capex_portal_iteration27.TestAdminUserTableColumns" name="test_users_list_contains_new_fields" time="0.431" /><testcase classname="backend.tests.test_capex_portal_iteration27.TestAdminStats" name="test_admin_stats" time="0.417" /></testsuite></testsuites>