<?xml version="1.0" encoding="utf-8"?><testsuites name="pytest tests"><testsuite name="pytest" errors="0" failures="0" skipped="0" tests="18" time="7.896" timestamp="2026-04-01T06:44:15.534598+00:00" hostname="agent-env-63e6e263-6afe-498e-8ee1-4196e56ad900"><testcase classname="backend.tests.test_capex_portal_iteration26.TestAuthLogin" name="test_admin_login_success" time="0.510" /><testcase classname="backend.tests.test_capex_portal_iteration26.TestAuthLogin" name="test_buyer_login_success" time="0.354" /><testcase classname="backend.tests.test_capex_portal_iteration26.TestAuthLogin" name="test_user_login_success" time="0.354" /><testcase classname="backend.tests.test_capex_portal_iteration26.TestAuthLogin" name="test_capex_head_login_success" time="0.348" /><testcase classname="backend.tests.test_capex_portal_iteration26.TestAuthLogin" name="test_dept_head_login_success" time="0.327" /><testcase classname="backend.tests.test_capex_portal_iteration26.TestAuthLogin" name="test_invalid_login_fails" time="0.105" /><testcase classname="backend.tests.test_capex_portal_iteration26.TestAdminAPIs" name="test_admin_stats_success" time="0.470" /><testcase classname="backend.tests.test_capex_portal_iteration26.TestAdminAPIs" name="test_admin_plants_list" time="0.449" /><testcase classname="backend.tests.test_capex_portal_iteration26.TestAdminAPIs" name="test_admin_departments_list" time="0.465" /><testcase classname="backend.tests.test_capex_portal_iteration26.TestAdminAPIs" name="test_admin_users_list" time="0.424" /><testcase classname="backend.tests.test_capex_portal_iteration26.TestAdminAPIs" name="test_non_admin_blocked_from_admin_stats" time="0.457" /><testcase classname="backend.tests.test_capex_portal_iteration26.TestSamplePreparationAPIs" name="test_get_sample_requests" time="0.445" /><testcase classname="backend.tests.test_capex_portal_iteration26.TestSamplePreparationAPIs" name="test_preparation_under_preparation_with_date" time="0.549" /><testcase classname="backend.tests.test_capex_portal_iteration26.TestSamplePreparationAPIs" name="test_preparation_ready_for_pickup_with_items" time="0.542" /><testcase classname="backend.tests.test_capex_portal_iteration26.TestSamplePreparationAPIs" name="test_buyer_decision_gate_pass" time="0.523" /><testcase classname="backend.tests.test_capex_portal_iteration26.TestSamplePreparationAPIs" name="test_buyer_blocked_from_preparation_api" time="0.528" /><testcase classname="backend.tests.test_capex_portal_iteration26.TestSamplePreparationAPIs" name="test_user_blocked_from_pickup_api" time="0.546" /><testcase classname="backend.tests.test_capex_portal_iteration26.TestCapexRequestsAPIs" name="test_get_capex_requests" time="0.431" /></testsuite></testsuites>