<?xml version="1.0" encoding="utf-8"?><testsuites name="pytest tests"><testsuite name="pytest" errors="0" failures="0" skipped="0" tests="16" time="6.248" timestamp="2026-04-01T05:39:54.392174+00:00" hostname="agent-env-63e6e263-6afe-498e-8ee1-4196e56ad900"><testcase classname="tests.test_admin_auth_features.TestAuthLogin" name="test_admin_login_success" time="0.388" /><testcase classname="tests.test_admin_auth_features.TestAuthLogin" name="test_buyer_login_success" time="0.323" /><testcase classname="tests.test_admin_auth_features.TestAuthLogin" name="test_capex_head_login_success" time="0.362" /><testcase classname="tests.test_admin_auth_features.TestAuthLogin" name="test_invalid_credentials" time="0.107" /><testcase classname="tests.test_admin_auth_features.TestAdminDashboard" name="test_admin_stats" time="0.445" /><testcase classname="tests.test_admin_auth_features.TestAdminDashboard" name="test_admin_plants" time="0.423" /><testcase classname="tests.test_admin_auth_features.TestAdminDashboard" name="test_admin_departments" time="0.431" /><testcase classname="tests.test_admin_auth_features.TestAdminDashboard" name="test_admin_users" time="0.437" /><testcase classname="tests.test_admin_auth_features.TestAdminDashboard" name="test_admin_password_reset_requests" time="0.470" /><testcase classname="tests.test_admin_auth_features.TestAdminDashboard" name="test_non_admin_cannot_access_admin_apis" time="0.429" /><testcase classname="tests.test_admin_auth_features.TestForgotPassword" name="test_forgot_password_endpoint" time="0.125" /><testcase classname="tests.test_admin_auth_features.TestSampleRequestCreation" name="test_get_capex_requests" time="0.431" /><testcase classname="tests.test_admin_auth_features.TestSampleRequestCreation" name="test_create_sample_request_as_buyer" time="0.593" /><testcase classname="tests.test_admin_auth_features.TestSampleRequestCreation" name="test_create_sample_request_as_capex_head" time="0.562" /><testcase classname="tests.test_admin_auth_features.TestSampleRequestCreation" name="test_get_sample_requests_for_capex_request" time="0.547" /><testcase classname="tests.test_admin_auth_features.TestGoogleAuthEndpoint" name="test_google_login_endpoint_exists" time="0.106" /></testsuite></testsuites>