<?xml version="1.0" encoding="utf-8"?><testsuites name="pytest tests"><testsuite name="pytest" errors="0" failures="0" skipped="0" tests="19" time="10.432" timestamp="2026-04-02T12:34:28.961318+00:00" hostname="agent-env-63e6e263-6afe-498e-8ee1-4196e56ad900"><testcase classname="backend.tests.test_access_control_granular.TestAccessConfigStructure" name="test_get_access_config_returns_3_modules" time="0.469" /><testcase classname="backend.tests.test_access_control_granular.TestAccessConfigStructure" name="test_dashboard_module_has_15_items" time="0.431" /><testcase classname="backend.tests.test_access_control_granular.TestAccessConfigStructure" name="test_capex_request_module_has_10_items" time="0.441" /><testcase classname="backend.tests.test_access_control_granular.TestAccessConfigStructure" name="test_analytics_module_has_6_items" time="0.444" /><testcase classname="backend.tests.test_access_control_granular.TestAccessConfigStructure" name="test_total_31_items_across_modules" time="0.416" /><testcase classname="backend.tests.test_access_control_granular.TestRoleBasedPermissions" name="test_admin_gets_editable_for_all_items" time="0.446" /><testcase classname="backend.tests.test_access_control_granular.TestRoleBasedPermissions" name="test_buyer_permissions_for_dashboard_cards" time="0.425" /><testcase classname="backend.tests.test_access_control_granular.TestRoleBasedPermissions" name="test_capex_head_permissions_for_dashboard_cards" time="0.420" /><testcase classname="backend.tests.test_access_control_granular.TestRoleBasedPermissions" name="test_department_head_permissions_for_dashboard_cards" time="0.445" /><testcase classname="backend.tests.test_access_control_granular.TestRoleBasedPermissions" name="test_user_permissions_for_dashboard_cards" time="0.456" /><testcase classname="backend.tests.test_access_control_granular.TestAccessControlCRUD" name="test_toggle_item_for_role" time="0.629" /><testcase classname="backend.tests.test_access_control_granular.TestAccessControlCRUD" name="test_reset_config_to_defaults" time="0.551" /><testcase classname="backend.tests.test_access_control_granular.TestAccessControlCRUD" name="test_module_toggle_disables_all_items" time="1.169" /><testcase classname="backend.tests.test_access_control_granular.TestAccessControlCRUD" name="test_global_item_lock_hides_for_all_roles" time="1.321" /><testcase classname="backend.tests.test_access_control_granular.TestRoleSelectorTabs" name="test_role_visible_counts" time="0.434" /><testcase classname="backend.tests.test_access_control_granular.TestNonAdminAccess" name="test_buyer_cannot_access_admin_config" time="0.534" /><testcase classname="backend.tests.test_access_control_granular.TestNonAdminAccess" name="test_user_cannot_access_admin_config" time="0.434" /><testcase classname="backend.tests.test_access_control_granular.TestNonAdminAccess" name="test_buyer_cannot_update_config" time="0.437" /><testcase classname="backend.tests.test_access_control_granular.TestNonAdminAccess" name="test_buyer_cannot_reset_config" time="0.467" /></testsuite></testsuites>