<?xml version="1.0" encoding="utf-8"?><testsuites name="pytest tests"><testsuite name="pytest" errors="0" failures="0" skipped="0" tests="15" time="5.773" timestamp="2026-04-01T06:03:27.157346+00:00" hostname="agent-env-63e6e263-6afe-498e-8ee1-4196e56ad900"><testcase classname="tests.test_capex_portal_features.TestAuthLogin" name="test_admin_login_success" time="0.488" /><testcase classname="tests.test_capex_portal_features.TestAuthLogin" name="test_buyer_login_success" time="0.335" /><testcase classname="tests.test_capex_portal_features.TestAuthLogin" name="test_capex_head_login_success" time="0.323" /><testcase classname="tests.test_capex_portal_features.TestAuthLogin" name="test_dept_head_login_success" time="0.351" /><testcase classname="tests.test_capex_portal_features.TestAuthLogin" name="test_invalid_credentials_rejected" time="0.114" /><testcase classname="tests.test_capex_portal_features.TestAdminEndpoints" name="test_admin_stats" time="0.482" /><testcase classname="tests.test_capex_portal_features.TestAdminEndpoints" name="test_admin_plants_list" time="0.446" /><testcase classname="tests.test_capex_portal_features.TestAdminEndpoints" name="test_admin_departments_list" time="0.434" /><testcase classname="tests.test_capex_portal_features.TestAdminEndpoints" name="test_admin_users_list" time="0.444" /><testcase classname="tests.test_capex_portal_features.TestAdminEndpoints" name="test_admin_password_reset_requests" time="0.474" /><testcase classname="tests.test_capex_portal_features.TestAdminEndpoints" name="test_non_admin_blocked_from_admin_apis" time="0.472" /><testcase classname="tests.test_capex_portal_features.TestForgotPassword" name="test_forgot_password_endpoint" time="0.124" /><testcase classname="tests.test_capex_portal_features.TestCapexRequests" name="test_get_capex_requests" time="0.424" /><testcase classname="tests.test_capex_portal_features.TestSampleRequests" name="test_get_sample_requests" time="0.471" /><testcase classname="tests.test_capex_portal_features.TestGoogleLogin" name="test_google_login_endpoint_exists" time="0.326" /></testsuite></testsuites>