<?xml version="1.0" encoding="utf-8"?><testsuites name="pytest tests"><testsuite name="pytest" errors="0" failures="0" skipped="0" tests="15" time="2.158" timestamp="2026-03-30T10:06:53.314903+00:00" hostname="agent-env-63e6e263-6afe-498e-8ee1-4196e56ad900"><testcase classname="backend.tests.test_analytics_consistency.TestAnalyticsConsistency" name="test_buyer_login_success" time="0.452" /><testcase classname="backend.tests.test_analytics_consistency.TestAnalyticsConsistency" name="test_buyer_analytics_returns_data" time="0.116" /><testcase classname="backend.tests.test_analytics_consistency.TestAnalyticsConsistency" name="test_buyer_total_purchase_value_matches_expected" time="0.000" /><testcase classname="backend.tests.test_analytics_consistency.TestAnalyticsConsistency" name="test_buyer_cost_savings_matches_expected" time="0.000" /><testcase classname="backend.tests.test_analytics_consistency.TestAnalyticsConsistency" name="test_buyer_monthly_trend_purchase_sum_matches_total" time="0.000" /><testcase classname="backend.tests.test_analytics_consistency.TestAnalyticsConsistency" name="test_buyer_monthly_trend_savings_sum_matches_total" time="0.000" /><testcase classname="backend.tests.test_analytics_consistency.TestAnalyticsConsistency" name="test_buyer_analytics_is_buyer_specific" time="0.292" /><testcase classname="backend.tests.test_analytics_consistency.TestAnalyticsConsistency" name="test_capex_head_login_success" time="0.325" /><testcase classname="backend.tests.test_analytics_consistency.TestAnalyticsConsistency" name="test_capex_head_analytics_returns_data" time="0.119" /><testcase classname="backend.tests.test_analytics_consistency.TestAnalyticsConsistency" name="test_capex_head_total_purchase_value_matches_expected" time="0.000" /><testcase classname="backend.tests.test_analytics_consistency.TestAnalyticsConsistency" name="test_capex_head_cost_savings_matches_expected" time="0.000" /><testcase classname="backend.tests.test_analytics_consistency.TestAnalyticsConsistency" name="test_capex_head_monthly_trend_purchase_sum_matches_total" time="0.000" /><testcase classname="backend.tests.test_analytics_consistency.TestAnalyticsConsistency" name="test_capex_head_monthly_trend_savings_sum_matches_total" time="0.000" /><testcase classname="backend.tests.test_analytics_consistency.TestAnalyticsConsistency" name="test_buyer_in_progress_count" time="0.244" /><testcase classname="backend.tests.test_analytics_consistency.TestDataIntegrity" name="test_supplier_selection_priority" time="0.537" /></testsuite></testsuites>