<?xml version="1.0" encoding="utf-8"?><testsuites name="pytest tests"><testsuite name="pytest" errors="0" failures="0" skipped="0" tests="27" time="17.916" timestamp="2026-03-30T11:39:31.164064+00:00" hostname="agent-env-63e6e263-6afe-498e-8ee1-4196e56ad900"><testcase classname="tests.test_refactored_routes.TestHealthEndpoint" name="test_health_check" time="0.677" /><testcase classname="tests.test_refactored_routes.TestAuthRoutes" name="test_login_capex_head" time="0.354" /><testcase classname="tests.test_refactored_routes.TestAuthRoutes" name="test_login_buyer" time="0.322" /><testcase classname="tests.test_refactored_routes.TestAuthRoutes" name="test_login_department_head" time="6.437" /><testcase classname="tests.test_refactored_routes.TestAuthRoutes" name="test_login_process_engineer" time="0.342" /><testcase classname="tests.test_refactored_routes.TestAuthRoutes" name="test_login_user" time="0.325" /><testcase classname="tests.test_refactored_routes.TestAuthRoutes" name="test_login_invalid_credentials" time="0.118" /><testcase classname="tests.test_refactored_routes.TestAuthRoutes" name="test_auth_me_endpoint" time="0.495" /><testcase classname="tests.test_refactored_routes.TestCapexRequestsRoutes" name="test_get_capex_requests_capex_head" time="0.432" /><testcase classname="tests.test_refactored_routes.TestCapexRequestsRoutes" name="test_get_capex_requests_buyer" time="0.419" /><testcase classname="tests.test_refactored_routes.TestCapexRequestsRoutes" name="test_get_capex_requests_dh" time="0.414" /><testcase classname="tests.test_refactored_routes.TestCapexRequestsRoutes" name="test_get_capex_requests_user" time="0.440" /><testcase classname="tests.test_refactored_routes.TestAnalyticsRoutes" name="test_dashboard_analytics_capex_head" time="0.446" /><testcase classname="tests.test_refactored_routes.TestAnalyticsRoutes" name="test_dashboard_analytics_buyer" time="0.419" /><testcase classname="tests.test_refactored_routes.TestNotificationsRoutes" name="test_get_notifications_capex_head" time="0.500" /><testcase classname="tests.test_refactored_routes.TestNotificationsRoutes" name="test_get_notifications_buyer" time="0.422" /><testcase classname="tests.test_refactored_routes.TestNotificationsRoutes" name="test_get_notifications_dh" time="0.459" /><testcase classname="tests.test_refactored_routes.TestSampleRequestsRoutes" name="test_get_sample_requests" time="0.444" /><testcase classname="tests.test_refactored_routes.TestReferenceRoutes" name="test_get_plants" time="0.098" /><testcase classname="tests.test_refactored_routes.TestReferenceRoutes" name="test_get_departments" time="0.116" /><testcase classname="tests.test_refactored_routes.TestReferenceRoutes" name="test_get_cea_stages" time="0.096" /><testcase classname="tests.test_refactored_routes.TestReferenceRoutes" name="test_get_workflow_stages" time="0.118" /><testcase classname="tests.test_refactored_routes.TestUsersRoutes" name="test_get_users_capex_head" time="0.426" /><testcase classname="tests.test_refactored_routes.TestUsersRoutes" name="test_get_users_buyer" time="0.433" /><testcase classname="tests.test_refactored_routes.TestUsersRoutes" name="test_get_users_unauthorized" time="0.433" /><testcase classname="tests.test_refactored_routes.TestUsersRoutes" name="test_get_buyers_list" time="0.430" /><testcase classname="tests.test_refactored_routes.TestAllRolesCapexRequestsAccess" name="test_all_roles_can_access_requests" time="2.206" /></testsuite></testsuites>