<?xml version="1.0" encoding="utf-8"?><testsuites name="pytest tests"><testsuite name="pytest" errors="0" failures="0" skipped="1" tests="16" time="3.031" timestamp="2026-04-08T10:26:42.000911+00:00" hostname="agent-env-63e6e263-6afe-498e-8ee1-4196e56ad900"><testcase classname="backend.tests.test_dap_visibility_iter40.TestDAPVisibility" name="test_01_login_all_roles" time="1.412" /><testcase classname="backend.tests.test_dap_visibility_iter40.TestDAPVisibility" name="test_02_create_capex_request_as_buyer" time="0.097" /><testcase classname="backend.tests.test_dap_visibility_iter40.TestDAPVisibility" name="test_03_create_dap_with_documents" time="0.098" /><testcase classname="backend.tests.test_dap_visibility_iter40.TestDAPVisibility" name="test_04_get_dap_returns_documents" time="0.102" /><testcase classname="backend.tests.test_dap_visibility_iter40.TestDAPVisibility" name="test_05_buyer_can_access_request_detail" time="0.108" /><testcase classname="backend.tests.test_dap_visibility_iter40.TestDAPVisibility" name="test_06_user_can_access_request_detail" time="0.098" /><testcase classname="backend.tests.test_dap_visibility_iter40.TestDAPVisibility" name="test_07_department_head_can_access_request_detail" time="0.119" /><testcase classname="backend.tests.test_dap_visibility_iter40.TestDAPVisibility" name="test_08_process_engineer_can_access_request_detail" time="0.101"><skipped type="pytest.skip" message="PE has department restriction for request detail">/app/backend/tests/test_dap_visibility_iter40.py:215: PE has department restriction for request detail</skipped></testcase><testcase classname="backend.tests.test_dap_visibility_iter40.TestDAPVisibility" name="test_09_buyer_can_get_dap_details" time="0.100" /><testcase classname="backend.tests.test_dap_visibility_iter40.TestDAPVisibility" name="test_10_user_can_get_dap_details" time="0.108" /><testcase classname="backend.tests.test_dap_visibility_iter40.TestDAPVisibility" name="test_11_department_head_can_get_dap_details" time="0.096" /><testcase classname="backend.tests.test_dap_visibility_iter40.TestDAPVisibility" name="test_12_process_engineer_can_get_dap_details" time="0.094" /><testcase classname="backend.tests.test_dap_visibility_iter40.TestDAPVisibility" name="test_13_dap_approval_flow_pe_first" time="0.106" /><testcase classname="backend.tests.test_dap_visibility_iter40.TestDAPVisibility" name="test_14_dap_approval_flow_dh_second" time="0.108" /><testcase classname="backend.tests.test_dap_visibility_iter40.TestDAPVisibility" name="test_15_dap_approval_flow_user_final" time="0.102" /><testcase classname="backend.tests.test_dap_visibility_iter40.TestDAPVisibility" name="test_16_cleanup_delete_request" time="0.112" /></testsuite></testsuites>