<?xml version="1.0" encoding="utf-8"?><testsuites name="pytest tests"><testsuite name="pytest" errors="0" failures="0" skipped="0" tests="8" time="5.920" timestamp="2026-04-02T12:51:37.685087+00:00" hostname="agent-env-63e6e263-6afe-498e-8ee1-4196e56ad900"><testcase classname="backend.tests.test_preview_mode.TestPreviewModeAPI" name="test_preview_buyer_permissions" time="1.014" /><testcase classname="backend.tests.test_preview_mode.TestPreviewModeAPI" name="test_preview_user_permissions" time="0.822" /><testcase classname="backend.tests.test_preview_mode.TestPreviewModeAPI" name="test_preview_capex_head_permissions" time="0.838" /><testcase classname="backend.tests.test_preview_mode.TestPreviewModeAPI" name="test_preview_department_head_permissions" time="0.771" /><testcase classname="backend.tests.test_preview_mode.TestPreviewModeAPI" name="test_preview_requires_admin" time="0.754" /><testcase classname="backend.tests.test_preview_mode.TestPreviewModeAPI" name="test_preview_invalid_role" time="0.765" /><testcase classname="backend.tests.test_preview_mode.TestAccessControlConfig" name="test_get_access_config" time="0.459" /><testcase classname="backend.tests.test_preview_mode.TestAccessControlConfig" name="test_reset_access_config" time="0.430" /></testsuite></testsuites>