<?xml version="1.0" encoding="utf-8"?><testsuites name="pytest tests"><testsuite name="pytest" errors="0" failures="1" skipped="1" tests="14" time="7.566" timestamp="2026-03-05T12:09:38.017736+00:00" hostname="agent-env-c331a340-4546-40dc-9867-f31ad25ec1c5"><testcase classname="backend.tests.test_supplier_sample_features.TestSupplierSelectionLogic" name="test_get_request_with_suppliers" time="0.470" /><testcase classname="backend.tests.test_supplier_sample_features.TestSupplierSelectionLogic" name="test_only_one_supplier_can_be_ordered" time="0.449" /><testcase classname="backend.tests.test_supplier_sample_features.TestSupplierSelectionLogic" name="test_vendor_name_code_auto_populated" time="0.485" /><testcase classname="backend.tests.test_supplier_sample_features.TestSupplierSelectionLogic" name="test_place_order_updates_supplier" time="0.686" /><testcase classname="backend.tests.test_supplier_sample_features.TestSupplierSelectionLogic" name="test_cancel_order_clears_vendor" time="0.772"><failure message="AssertionError: vendor_name should be cleared&#10;assert 'Supplier B' is None&#10; +  where 'Supplier B' = &lt;built-in method get of dict object at 0xfdba65dcafc0&gt;('vendor_name')&#10; +    where &lt;built-in method get of dict object at 0xfdba65dcafc0&gt; = {'asset_category': 'plant_machinery', 'assigned_buyer_id': '1501afda-edce-4eda-98b3-a840fc206c44', 'assigned_buyer_name': 'Saurabh', 'attachments': [], ...}.get">backend/tests/test_supplier_sample_features.py:170: in test_cancel_order_clears_vendor
    assert data.get("vendor_name") is None, "vendor_name should be cleared"
E   AssertionError: vendor_name should be cleared
E   assert 'Supplier B' is None
E    +  where 'Supplier B' = &lt;built-in method get of dict object at 0xfdba65dcafc0&gt;('vendor_name')
E    +    where &lt;built-in method get of dict object at 0xfdba65dcafc0&gt; = {'asset_category': 'plant_machinery', 'assigned_buyer_id': '1501afda-edce-4eda-98b3-a840fc206c44', 'assigned_buyer_name': 'Saurabh', 'attachments': [], ...}.get</failure></testcase><testcase classname="backend.tests.test_supplier_sample_features.TestSampleRequestPickupDetails" name="test_get_sample_requests" time="0.448" /><testcase classname="backend.tests.test_supplier_sample_features.TestSampleRequestPickupDetails" name="test_update_pickup_date" time="0.556" /><testcase classname="backend.tests.test_supplier_sample_features.TestSampleRequestPickupDetails" name="test_update_dispatch_date" time="0.563" /><testcase classname="backend.tests.test_supplier_sample_features.TestSampleRequestPickupDetails" name="test_update_dispatch_reference" time="0.544" /><testcase classname="backend.tests.test_supplier_sample_features.TestSampleRequestPickupDetails" name="test_update_all_pickup_fields_together" time="0.571" /><testcase classname="backend.tests.test_supplier_sample_features.TestSampleRequestPickupDetails" name="test_non_buyer_cannot_update_pickup" time="0.430"><skipped type="pytest.skip" message="Test user not available">/app/backend/tests/test_supplier_sample_features.py:334: Test user not available</skipped></testcase><testcase classname="backend.tests.test_supplier_sample_features.TestSampleRequestPickupDetails" name="test_reset_sample_to_pending" time="0.417" /><testcase classname="backend.tests.test_supplier_sample_features.TestSamplePickupEndpointValidation" name="test_invalid_sample_id_returns_404" time="0.436" /><testcase classname="backend.tests.test_supplier_sample_features.TestSamplePickupEndpointValidation" name="test_empty_update_body" time="0.659" /></testsuite></testsuites>