<?xml version="1.0" encoding="utf-8"?><testsuites name="pytest tests"><testsuite name="pytest" errors="0" failures="0" skipped="0" tests="11" time="2.956" timestamp="2026-04-08T15:13:16.514959+00:00" hostname="agent-env-63e6e263-6afe-498e-8ee1-4196e56ad900"><testcase classname="backend.tests.test_pending_task_filter_iter41.TestPendingTaskFilter" name="test_01_login_buyer" time="0.566" /><testcase classname="backend.tests.test_pending_task_filter_iter41.TestPendingTaskFilter" name="test_02_login_admin" time="0.339" /><testcase classname="backend.tests.test_pending_task_filter_iter41.TestPendingTaskFilter" name="test_03_get_buyer_id" time="0.142" /><testcase classname="backend.tests.test_pending_task_filter_iter41.TestPendingTaskFilter" name="test_04_create_request_a_pending_pr" time="0.333" /><testcase classname="backend.tests.test_pending_task_filter_iter41.TestPendingTaskFilter" name="test_05_create_request_b_missing_pr" time="0.355" /><testcase classname="backend.tests.test_pending_task_filter_iter41.TestPendingTaskFilter" name="test_06_create_request_c_all_approved" time="0.341" /><testcase classname="backend.tests.test_pending_task_filter_iter41.TestPendingTaskFilter" name="test_07_verify_request_a_is_pending" time="0.112" /><testcase classname="backend.tests.test_pending_task_filter_iter41.TestPendingTaskFilter" name="test_08_verify_request_b_not_pending" time="0.109" /><testcase classname="backend.tests.test_pending_task_filter_iter41.TestPendingTaskFilter" name="test_09_verify_request_c_not_pending" time="0.152" /><testcase classname="backend.tests.test_pending_task_filter_iter41.TestPendingTaskFilter" name="test_10_get_all_buyer_requests" time="0.125" /><testcase classname="backend.tests.test_pending_task_filter_iter41.TestPendingTaskFilter" name="test_11_cleanup_test_requests" time="0.320" /></testsuite></testsuites>