<?xml version="1.0" encoding="utf-8"?><testsuites name="pytest tests"><testsuite name="pytest" errors="0" failures="0" skipped="0" tests="14" time="5.376" timestamp="2026-03-14T22:00:58.302970+00:00" hostname="agent-env-c6fe83d9-a1a0-493d-a8f9-0efb4c277a94"><testcase classname="backend.tests.test_dashboard_features.TestLoginFunctionality" name="test_user_login" time="0.404" /><testcase classname="backend.tests.test_dashboard_features.TestLoginFunctionality" name="test_buyer_login" time="0.361" /><testcase classname="backend.tests.test_dashboard_features.TestLoginFunctionality" name="test_capex_head_login" time="0.333" /><testcase classname="backend.tests.test_dashboard_features.TestLoginFunctionality" name="test_department_head_login" time="0.329" /><testcase classname="backend.tests.test_dashboard_features.TestLoginFunctionality" name="test_invalid_login" time="0.113" /><testcase classname="backend.tests.test_dashboard_features.TestDashboardEndpoints" name="test_analytics_dashboard_endpoint" time="0.441" /><testcase classname="backend.tests.test_dashboard_features.TestDashboardEndpoints" name="test_capex_requests_endpoint_capex_head" time="0.455" /><testcase classname="backend.tests.test_dashboard_features.TestDashboardEndpoints" name="test_capex_requests_endpoint_dh" time="0.475" /><testcase classname="backend.tests.test_dashboard_features.TestDashboardEndpoints" name="test_pending_dh_approval_filter" time="0.467" /><testcase classname="backend.tests.test_dashboard_features.TestDashboardEndpoints" name="test_reference_statuses_endpoint" time="0.531" /><testcase classname="backend.tests.test_dashboard_features.TestDashboardEndpoints" name="test_buyers_list_endpoint" time="0.454" /><testcase classname="backend.tests.test_dashboard_features.TestDHDashboardMetrics" name="test_dh_sees_department_requests" time="0.465" /><testcase classname="backend.tests.test_dashboard_features.TestDHDashboardMetrics" name="test_dh_metrics_calculation" time="0.483" /><testcase classname="backend.tests.test_dashboard_features.TestTimeBasedGreeting" name="test_greeting_logic" time="0.000" /></testsuite></testsuites>