<?xml version="1.0" encoding="utf-8"?><testsuites name="pytest tests"><testsuite name="pytest" errors="0" failures="0" skipped="0" tests="16" time="3.207" timestamp="2026-03-14T19:21:32.340376+00:00" hostname="agent-env-2a179856-80a8-496d-bf91-a369989f63d8"><testcase classname="backend.tests.test_dh_approval_sample_userid.TestDHApprovalWorkflow" name="test_01_create_request_has_pending_dh_approval_status" time="0.459" /><testcase classname="backend.tests.test_dh_approval_sample_userid.TestDHApprovalWorkflow" name="test_02_buyer_cannot_see_pending_dh_approval_requests" time="0.442" /><testcase classname="backend.tests.test_dh_approval_sample_userid.TestDHApprovalWorkflow" name="test_03_dh_can_see_pending_dh_approval_requests" time="0.453" /><testcase classname="backend.tests.test_dh_approval_sample_userid.TestDHApprovalWorkflow" name="test_04_dh_approve_changes_status_to_submitted" time="0.237" /><testcase classname="backend.tests.test_dh_approval_sample_userid.TestDHApprovalWorkflow" name="test_05_buyer_can_now_see_approved_request" time="0.109" /><testcase classname="backend.tests.test_dh_approval_sample_userid.TestDHRejectWorkflow" name="test_01_create_request_for_rejection_test" time="0.123" /><testcase classname="backend.tests.test_dh_approval_sample_userid.TestDHRejectWorkflow" name="test_02_dh_reject_changes_status" time="0.240" /><testcase classname="backend.tests.test_dh_approval_sample_userid.TestDHRejectWorkflow" name="test_03_buyer_cannot_see_rejected_by_dh_requests" time="0.119" /><testcase classname="backend.tests.test_dh_approval_sample_userid.TestSampleRequestUserIdFix" name="test_01_get_user_id" time="0.122" /><testcase classname="backend.tests.test_dh_approval_sample_userid.TestSampleRequestUserIdFix" name="test_02_create_capex_request" time="0.111" /><testcase classname="backend.tests.test_dh_approval_sample_userid.TestSampleRequestUserIdFix" name="test_03_dh_approve_request" time="0.114" /><testcase classname="backend.tests.test_dh_approval_sample_userid.TestSampleRequestUserIdFix" name="test_04_buyer_creates_sample_request_with_correct_user_id" time="0.109" /><testcase classname="backend.tests.test_dh_approval_sample_userid.TestSampleRequestUserIdFix" name="test_05_user_can_update_sample_preparation_status" time="0.162" /><testcase classname="backend.tests.test_dh_approval_sample_userid.TestSampleRequestUserIdFix" name="test_06_user_can_mark_ready_for_pickup" time="0.118" /><testcase classname="backend.tests.test_dh_approval_sample_userid.TestSampleRequestUserIdFix" name="test_07_buyer_can_dispatch_sample" time="0.114" /><testcase classname="backend.tests.test_dh_approval_sample_userid.TestExistingApprovedRequests" name="test_verify_existing_approved_requests_visible_to_buyer" time="0.125" /></testsuite></testsuites>