<?xml version="1.0" encoding="utf-8"?><testsuites name="pytest tests"><testsuite name="pytest" errors="0" failures="0" skipped="0" tests="12" time="5.819" timestamp="2026-04-01T07:27:50.867434+00:00" hostname="agent-env-63e6e263-6afe-498e-8ee1-4196e56ad900"><testcase classname="backend.tests.test_capex_portal_iteration28.TestAuthLogin" name="test_admin_login_success" time="0.500" /><testcase classname="backend.tests.test_capex_portal_iteration28.TestAuthLogin" name="test_buyer_login_success" time="0.361" /><testcase classname="backend.tests.test_capex_portal_iteration28.TestAuthLogin" name="test_capex_head_login_success" time="0.331" /><testcase classname="backend.tests.test_capex_portal_iteration28.TestAuthLogin" name="test_user_login_success" time="0.323" /><testcase classname="backend.tests.test_capex_portal_iteration28.TestAdminCapexHeadsEndpoint" name="test_get_capex_heads_success" time="0.435" /><testcase classname="backend.tests.test_capex_portal_iteration28.TestAdminCapexHeadsEndpoint" name="test_get_capex_heads_requires_admin" time="0.536" /><testcase classname="backend.tests.test_capex_portal_iteration28.TestAdminDepartmentHeadsEndpoint" name="test_get_department_heads_success" time="0.426" /><testcase classname="backend.tests.test_capex_portal_iteration28.TestBuyerMappingValidation" name="test_create_buyer_without_mapping_fails" time="0.425" /><testcase classname="backend.tests.test_capex_portal_iteration28.TestBuyerMappingValidation" name="test_create_buyer_with_mapping_succeeds" time="0.859" /><testcase classname="backend.tests.test_capex_portal_iteration28.TestUserMappingValidation" name="test_create_user_without_plant_dept_fails" time="0.459" /><testcase classname="backend.tests.test_capex_portal_iteration28.TestUserMappingValidation" name="test_create_user_without_dh_mapping_fails" time="0.677" /><testcase classname="backend.tests.test_capex_portal_iteration28.TestAdminUsersTable" name="test_users_list_includes_mapped_dh_id" time="0.417" /></testsuite></testsuites>