<?xml version="1.0" encoding="utf-8"?><testsuites name="pytest tests"><testsuite name="pytest" errors="0" failures="0" skipped="0" tests="11" time="8.806" timestamp="2026-04-08T10:12:36.033185+00:00" hostname="agent-env-63e6e263-6afe-498e-8ee1-4196e56ad900"><testcase classname="backend.tests.test_access_control_iter39.TestAccessControlEndToEnd" name="test_01_reset_config_first" time="1.151" /><testcase classname="backend.tests.test_access_control_iter39.TestAccessControlEndToEnd" name="test_02_remove_buyer_from_cost_savings_and_buyer_module" time="0.877" /><testcase classname="backend.tests.test_access_control_iter39.TestAccessControlEndToEnd" name="test_03_verify_buyer_permissions_after_removal" time="0.769" /><testcase classname="backend.tests.test_access_control_iter39.TestAccessControlEndToEnd" name="test_04_verify_buyer_still_sees_other_cards" time="0.770" /><testcase classname="backend.tests.test_access_control_iter39.TestAccessControlEndToEnd" name="test_05_reset_and_disable_dashboard_module" time="0.968" /><testcase classname="backend.tests.test_access_control_iter39.TestAccessControlEndToEnd" name="test_06_verify_buyer_permissions_with_dashboard_disabled" time="0.776" /><testcase classname="backend.tests.test_access_control_iter39.TestAccessControlEndToEnd" name="test_07_preview_capex_head_shows_4_stat_cards" time="0.882" /><testcase classname="backend.tests.test_access_control_iter39.TestAccessControlEndToEnd" name="test_08_reset_config_at_end" time="0.852" /><testcase classname="backend.tests.test_access_control_iter39.TestBuyerActualPermissions" name="test_buyer_actual_permissions_default" time="0.778" /><testcase classname="backend.tests.test_access_control_iter39.TestAnalyticsModuleAccess" name="test_analytics_module_access_for_buyer" time="0.457" /><testcase classname="backend.tests.test_access_control_iter39.TestAnalyticsModuleAccess" name="test_analytics_module_access_for_user" time="0.462" /></testsuite></testsuites>