<?xml version="1.0" encoding="utf-8"?><testsuites name="pytest tests"><testsuite name="pytest" errors="0" failures="0" skipped="0" tests="18" time="1.900" timestamp="2026-03-05T11:00:11.429285+00:00" hostname="agent-env-c331a340-4546-40dc-9867-f31ad25ec1c5"><testcase classname="backend.tests.test_new_features.TestFileUpload" name="test_file_upload_endpoint_exists" time="0.650" /><testcase classname="backend.tests.test_new_features.TestFileUpload" name="test_file_upload_returns_url" time="0.108" /><testcase classname="backend.tests.test_new_features.TestFileUpload" name="test_file_upload_requires_auth" time="0.104" /><testcase classname="backend.tests.test_new_features.TestSearchEndpoint" name="test_search_endpoint_exists" time="0.051" /><testcase classname="backend.tests.test_new_features.TestSearchEndpoint" name="test_search_by_request_id" time="0.058" /><testcase classname="backend.tests.test_new_features.TestSearchEndpoint" name="test_search_by_description" time="0.051" /><testcase classname="backend.tests.test_new_features.TestSearchEndpoint" name="test_search_empty_query" time="0.054" /><testcase classname="backend.tests.test_new_features.TestSearchEndpoint" name="test_search_requires_auth" time="0.048" /><testcase classname="backend.tests.test_new_features.TestInvoiceSection" name="test_update_request_with_invoices" time="0.103" /><testcase classname="backend.tests.test_new_features.TestInvoiceSection" name="test_invoice_data_structure" time="0.060" /><testcase classname="backend.tests.test_new_features.TestInstallationCommissioningDocs" name="test_update_installation_documents" time="0.101" /><testcase classname="backend.tests.test_new_features.TestInstallationCommissioningDocs" name="test_update_commissioning_documents" time="0.096" /><testcase classname="backend.tests.test_new_features.TestDAPChangeRequests" name="test_dap_endpoint_exists" time="0.049" /><testcase classname="backend.tests.test_new_features.TestDAPChangeRequests" name="test_dap_change_request_structure" time="0.055" /><testcase classname="backend.tests.test_new_features.TestSingleSupplierOrder" name="test_supplier_data_structure" time="0.048" /><testcase classname="backend.tests.test_new_features.TestSingleSupplierOrder" name="test_update_supplier_ordered_status" time="0.106" /><testcase classname="backend.tests.test_new_features.TestAnalyticsEndpoints" name="test_dashboard_analytics" time="0.048" /><testcase classname="backend.tests.test_new_features.TestAnalyticsEndpoints" name="test_department_investment_data" time="0.050" /></testsuite></testsuites>