<?xml version="1.0" encoding="utf-8"?><testsuites name="pytest tests"><testsuite name="pytest" errors="0" failures="0" skipped="0" tests="10" time="2.726" timestamp="2026-03-30T09:09:25.121967+00:00" hostname="agent-env-63e6e263-6afe-498e-8ee1-4196e56ad900"><testcase classname="backend.tests.test_iteration13.TestAuth" name="test_buyer_login" time="0.348" /><testcase classname="backend.tests.test_iteration13.TestAuth" name="test_capex_head_login" time="0.324" /><testcase classname="backend.tests.test_iteration13.TestAnalyticsDashboard" name="test_analytics_dashboard_endpoint" time="0.427" /><testcase classname="backend.tests.test_iteration13.TestAnalyticsDashboard" name="test_monthly_trend_structure" time="0.098" /><testcase classname="backend.tests.test_iteration13.TestAnalyticsDashboard" name="test_cost_savings_calculation" time="0.140" /><testcase classname="backend.tests.test_iteration13.TestAnalyticsDashboard" name="test_status_breakdown" time="0.132" /><testcase classname="backend.tests.test_iteration13.TestCapexRequests" name="test_get_capex_requests" time="0.409" /><testcase classname="backend.tests.test_iteration13.TestCapexRequests" name="test_capex_request_has_suppliers" time="0.110" /><testcase classname="backend.tests.test_iteration13.TestBuyerAnalytics" name="test_get_buyers_list" time="0.481" /><testcase classname="backend.tests.test_iteration13.TestBuyerAnalytics" name="test_buyer_analytics_endpoint" time="0.207" /></testsuite></testsuites>