<?xml version="1.0" encoding="utf-8"?><testsuites name="pytest tests"><testsuite name="pytest" errors="0" failures="0" skipped="0" tests="14" time="2.775" timestamp="2026-04-02T11:45:52.985093+00:00" hostname="agent-env-63e6e263-6afe-498e-8ee1-4196e56ad900"><testcase classname="backend.tests.test_access_control.TestAdminAccessConfig" name="test_get_access_config_as_admin" time="0.482" /><testcase classname="backend.tests.test_access_control.TestAdminAccessConfig" name="test_get_access_config_as_buyer_returns_403" time="0.436" /><testcase classname="backend.tests.test_access_control.TestAdminAccessConfig" name="test_get_access_config_as_capex_head_returns_403" time="0.430" /><testcase classname="backend.tests.test_access_control.TestAdminAccessConfig" name="test_update_access_config_as_admin" time="0.324" /><testcase classname="backend.tests.test_access_control.TestAdminAccessConfig" name="test_update_access_config_as_buyer_returns_403" time="0.109" /><testcase classname="backend.tests.test_access_control.TestAdminAccessConfig" name="test_reset_access_config_as_admin" time="0.099" /><testcase classname="backend.tests.test_access_control.TestAdminAccessConfig" name="test_reset_access_config_as_buyer_returns_403" time="0.106" /><testcase classname="backend.tests.test_access_control.TestUserPermissions" name="test_get_permissions_as_admin" time="0.113" /><testcase classname="backend.tests.test_access_control.TestUserPermissions" name="test_get_permissions_as_buyer" time="0.097" /><testcase classname="backend.tests.test_access_control.TestUserPermissions" name="test_get_permissions_as_capex_head" time="0.097" /><testcase classname="backend.tests.test_access_control.TestUserPermissions" name="test_permissions_without_auth_returns_error" time="0.094" /><testcase classname="backend.tests.test_access_control.TestAccessConfigStructure" name="test_dashboard_cards_structure" time="0.102" /><testcase classname="backend.tests.test_access_control.TestAccessConfigStructure" name="test_request_sections_structure" time="0.101" /><testcase classname="backend.tests.test_access_control.TestAccessConfigStructure" name="test_analytics_modules_structure" time="0.104" /></testsuite></testsuites>