<?xml version="1.0" encoding="utf-8"?><testsuites name="pytest tests"><testsuite name="pytest" errors="0" failures="0" skipped="0" tests="9" time="2.179" timestamp="2026-03-30T12:22:59.274762+00:00" hostname="agent-env-63e6e263-6afe-498e-8ee1-4196e56ad900"><testcase classname="backend.tests.test_bulk_upload_history_rollback.TestBulkUploadHistoryEndpoint" name="test_history_endpoint_returns_list" time="0.525" /><testcase classname="backend.tests.test_bulk_upload_history_rollback.TestBulkUploadHistoryEndpoint" name="test_history_requires_authentication" time="0.043" /><testcase classname="backend.tests.test_bulk_upload_history_rollback.TestBulkUploadHistoryEndpoint" name="test_upload_creates_history_log" time="0.106" /><testcase classname="backend.tests.test_bulk_upload_history_rollback.TestRollbackCreatedRequests" name="test_rollback_deletes_created_requests" time="0.456" /><testcase classname="backend.tests.test_bulk_upload_history_rollback.TestRollbackUpdatedRequests" name="test_rollback_reverts_updated_requests" time="0.308" /><testcase classname="backend.tests.test_bulk_upload_history_rollback.TestRollbackStatusAndMetadata" name="test_rollback_marks_log_as_rolled_back" time="0.153" /><testcase classname="backend.tests.test_bulk_upload_history_rollback.TestDoubleRollbackPrevention" name="test_double_rollback_returns_400" time="0.174" /><testcase classname="backend.tests.test_bulk_upload_history_rollback.TestRollbackNotFound" name="test_rollback_nonexistent_upload_returns_404" time="0.048" /><testcase classname="backend.tests.test_bulk_upload_history_rollback.TestRollbackAuthorization" name="test_rollback_requires_authentication" time="0.151" /></testsuite></testsuites>